Terminals unused in grammar

    _SKOCKO
    _ENTER
    _KRAJ


Grammar

    0 $accept: program $end

    1 program: igra
    2        | program igra

    3 $@1: %empty

    4 igra: _NOVA _IGRA $@1 lista_kombinacija

    5 lista_kombinacija: kombinacija

    6 kombinacija: _ZNAK
    7            | kombinacija _ZNAK


Terminals, with rules where they appear

    $end (0) 0
    error (256)
    _SKOCKO (258)
    _ENTER (259)
    _NOVA (260) 4
    _IGRA (261) 4
    _KRAJ (262)
    _ZNAK <i> (263) 6 7


Nonterminals, with rules where they appear

    $accept (9)
        on left: 0
    program (10)
        on left: 1 2
        on right: 0 2
    igra (11)
        on left: 4
        on right: 1 2
    $@1 (12)
        on left: 3
        on right: 4
    lista_kombinacija (13)
        on left: 5
        on right: 4
    kombinacija (14)
        on left: 6 7
        on right: 5 7


State 0

    0 $accept: . program $end

    _NOVA  shift, and go to state 1

    program  go to state 2
    igra     go to state 3


State 1

    4 igra: _NOVA . _IGRA $@1 lista_kombinacija

    _IGRA  shift, and go to state 4


State 2

    0 $accept: program . $end
    2 program: program . igra

    $end   shift, and go to state 5
    _NOVA  shift, and go to state 1

    igra  go to state 6


State 3

    1 program: igra .

    $default  reduce using rule 1 (program)


State 4

    4 igra: _NOVA _IGRA . $@1 lista_kombinacija

    $default  reduce using rule 3 ($@1)

    $@1  go to state 7


State 5

    0 $accept: program $end .

    $default  accept


State 6

    2 program: program igra .

    $default  reduce using rule 2 (program)


State 7

    4 igra: _NOVA _IGRA $@1 . lista_kombinacija

    _ZNAK  shift, and go to state 8

    lista_kombinacija  go to state 9
    kombinacija        go to state 10


State 8

    6 kombinacija: _ZNAK .

    $default  reduce using rule 6 (kombinacija)


State 9

    4 igra: _NOVA _IGRA $@1 lista_kombinacija .

    $default  reduce using rule 4 (igra)


State 10

    5 lista_kombinacija: kombinacija .
    7 kombinacija: kombinacija . _ZNAK

    _ZNAK  shift, and go to state 11

    $default  reduce using rule 5 (lista_kombinacija)


State 11

    7 kombinacija: kombinacija _ZNAK .

    $default  reduce using rule 7 (kombinacija)
